1594466405662	mozrunner::runner	INFO	Running command: "/Applications/Firefox.app/Contents/MacOS/firefox-bin" "-marionette" "-headless" "-foreground" "-no-remote" "-profile" "/var/folders/bx/76xtvgz15h37zf60jlj52bzsgmwvqb/T/rust_mozprofilec1lIRJ"
*** You are running in headless mode.
1594466406377	addons.webextension.screenshots@mozilla.org	WARN	Loading extension 'screenshots@mozilla.org': Reading manifest: Invalid extension permission: mozillaAddons
1594466406377	addons.webextension.screenshots@mozilla.org	WARN	Loading extension 'screenshots@mozilla.org': Reading manifest: Invalid extension permission: resource://pdf.js/
1594466406377	addons.webextension.screenshots@mozilla.org	WARN	Loading extension 'screenshots@mozilla.org': Reading manifest: Invalid extension permission: about:reader*
JavaScript error: chrome://browser/content/browser.js, line 7500: TypeError: gURLBar is null
JavaScript error: chrome://browser/content/nonbrowser-mac.js, line 77: TypeError: document.getElementById(...) is null
1594466408257	Marionette	INFO	Listening on port 63897
1594466408337	Marionette	WARN	TLS certificate errors will be ignored for this session
1594466486780	mozrunner::runner	INFO	Running command: "/Applications/Firefox.app/Contents/MacOS/firefox-bin" "-marionette" "-headless" "-foreground" "-no-remote" "-profile" "/var/folders/bx/76xtvgz15h37zf60jlj52bzsgmwvqb/T/rust_mozprofileXq0ULD"
*** You are running in headless mode.
1594466487360	addons.webextension.screenshots@mozilla.org	WARN	Loading extension 'screenshots@mozilla.org': Reading manifest: Invalid extension permission: mozillaAddons
1594466487360	addons.webextension.screenshots@mozilla.org	WARN	Loading extension 'screenshots@mozilla.org': Reading manifest: Invalid extension permission: resource://pdf.js/
1594466487360	addons.webextension.screenshots@mozilla.org	WARN	Loading extension 'screenshots@mozilla.org': Reading manifest: Invalid extension permission: about:reader*
JavaScript error: chrome://browser/content/browser.js, line 7500: TypeError: gURLBar is null
JavaScript error: chrome://browser/content/nonbrowser-mac.js, line 77: TypeError: document.getElementById(...) is null
1594466489061	Marionette	INFO	Listening on port 64279
1594466489217	Marionette	WARN	TLS certificate errors will be ignored for this session
JavaScript warning: https://assets.adobedtm.com/72afb75f5516/5217018b8f24/launch-5777f2923288.min.js, line 2: Error: WebGL warning: <SetDimensions>: Can't use WebGL in headless mode (https://bugzil.la/1375585).
JavaScript warning: https://assets.adobedtm.com/72afb75f5516/5217018b8f24/launch-5777f2923288.min.js, line 2: Error: WebGL warning: <SetDimensions>: Failed to create WebGL context: WebGL creation failed: 
* Can't use WebGL in headless mode (https://bugzil.la/1375585).
JavaScript warning: https://assets.adobedtm.com/72afb75f5516/5217018b8f24/launch-5777f2923288.min.js, line 2: Error: WebGL warning: <SetDimensions>: Can't use WebGL in headless mode (https://bugzil.la/1375585).
JavaScript warning: https://assets.adobedtm.com/72afb75f5516/5217018b8f24/launch-5777f2923288.min.js, line 2: Error: WebGL warning: <SetDimensions>: Failed to create WebGL context: WebGL creation failed: 
* Can't use WebGL in headless mode (https://bugzil.la/1375585).
JavaScript error: https://www.samsung.com/etc.clientlibs/samsung/clientlibs/consumer/global/clientlib-base.min.5283af821a7fff853199f36d4fcda44a.js, line 480: TypeError: this.els.popupVideoLoopingStartEl is null
GVA info: Successfully connected to the Intel plugin, offline Gen7 
JavaScript warning: https://assets.adobedtm.com/72afb75f5516/5217018b8f24/launch-5777f2923288.min.js, line 2: Error: WebGL warning: <SetDimensions>: Can't use WebGL in headless mode (https://bugzil.la/1375585).
JavaScript warning: https://assets.adobedtm.com/72afb75f5516/5217018b8f24/launch-5777f2923288.min.js, line 2: Error: WebGL warning: <SetDimensions>: Failed to create WebGL context: WebGL creation failed: 
* Can't use WebGL in headless mode (https://bugzil.la/1375585).
JavaScript warning: https://assets.adobedtm.com/72afb75f5516/5217018b8f24/launch-5777f2923288.min.js, line 2: Error: WebGL warning: <SetDimensions>: Can't use WebGL in headless mode (https://bugzil.la/1375585).
JavaScript warning: https://assets.adobedtm.com/72afb75f5516/5217018b8f24/launch-5777f2923288.min.js, line 2: Error: WebGL warning: <SetDimensions>: Failed to create WebGL context: WebGL creation failed: 
* Can't use WebGL in headless mode (https://bugzil.la/1375585).

###!!! [Child][MessageChannel] Error: (msgtype=0x240016,name=PCameras::Msg_AllDone) Channel error: cannot send/recv

Exiting due to channel error.
[GFX1-]: Receive IPC close with reason=AbnormalShutdown
Exiting due to channel error.
1594466502433	mozrunner::runner	INFO	Running command: "/Applications/Firefox.app/Contents/MacOS/firefox-bin" "-marionette" "-foreground" "-no-remote" "-profile" "/var/folders/bx/76xtvgz15h37zf60jlj52bzsgmwvqb/T/rust_mozprofileDwdU7S"
1594466503265	addons.webextension.screenshots@mozilla.org	WARN	Loading extension 'screenshots@mozilla.org': Reading manifest: Invalid extension permission: mozillaAddons
1594466503265	addons.webextension.screenshots@mozilla.org	WARN	Loading extension 'screenshots@mozilla.org': Reading manifest: Invalid extension permission: resource://pdf.js/
1594466503265	addons.webextension.screenshots@mozilla.org	WARN	Loading extension 'screenshots@mozilla.org': Reading manifest: Invalid extension permission: about:reader*
JavaScript error: chrome://browser/content/browser.js, line 7500: TypeError: gURLBar is null
JavaScript error: chrome://browser/content/nonbrowser-mac.js, line 77: TypeError: document.getElementById(...) is null
1594466505250	Marionette	INFO	Listening on port 64481
1594466505321	Marionette	WARN	TLS certificate errors will be ignored for this session
JavaScript error: https://www.samsung.com/etc.clientlibs/samsung/clientlibs/consumer/global/clientlib-base.min.5283af821a7fff853199f36d4fcda44a.js, line 480: TypeError: this.els.popupVideoLoopingStartEl is null
GVA info: Successfully connected to the Intel plugin, offline Gen7 
JavaScript error: https://www.samsung.com/etc.clientlibs/samsung/clientlibs/consumer/global/clientlib-base.min.5283af821a7fff853199f36d4fcda44a.js, line 480: TypeError: this.els.popupVideoLoopingStartEl is null
JavaScript error: https://www.samsung.com/etc.clientlibs/samsung/clientlibs/consumer/global/clientlib-base.min.5283af821a7fff853199f36d4fcda44a.js, line 360: SyntaxError: JSON.parse: expected ',' or '}' after property value in object at line 3 column 32 of the JSON data
console.error: BroadcastService: 
  receivedBroadcastMessage: handler for
  remote-settings/monitor_changes
  threw error:
  Message: Error: Polling for changes failed: NetworkError when attempting to fetch resource..
  Stack:
    remoteSettingsFunction/remoteSettings.pollChanges@resource://services-settings/remote-settings.js:190:13

console.error: BroadcastService: 
  receivedBroadcastMessage: handler for
  remote-settings/monitor_changes
  threw error:
  Message: Error: Polling for changes failed: NetworkError when attempting to fetch resource..
  Stack:
    remoteSettingsFunction/remoteSettings.pollChanges@resource://services-settings/remote-settings.js:190:13

1594467442938	mozrunner::runner	INFO	Running command: "/Applications/Firefox.app/Contents/MacOS/firefox-bin" "-marionette" "-foreground" "-no-remote" "-profile" "/var/folders/bx/76xtvgz15h37zf60jlj52bzsgmwvqb/T/rust_mozprofilee9oGg3"
1594467443537	addons.webextension.screenshots@mozilla.org	WARN	Loading extension 'screenshots@mozilla.org': Reading manifest: Invalid extension permission: mozillaAddons
1594467443538	addons.webextension.screenshots@mozilla.org	WARN	Loading extension 'screenshots@mozilla.org': Reading manifest: Invalid extension permission: resource://pdf.js/
1594467443538	addons.webextension.screenshots@mozilla.org	WARN	Loading extension 'screenshots@mozilla.org': Reading manifest: Invalid extension permission: about:reader*
JavaScript error: chrome://browser/content/browser.js, line 7500: TypeError: gURLBar is null
JavaScript error: chrome://browser/content/nonbrowser-mac.js, line 77: TypeError: document.getElementById(...) is null
1594467445520	Marionette	INFO	Listening on port 52087
1594467445625	Marionette	WARN	TLS certificate errors will be ignored for this session
JavaScript error: https://www.samsung.com/etc.clientlibs/samsung/clientlibs/consumer/global/clientlib-base.min.5283af821a7fff853199f36d4fcda44a.js, line 480: TypeError: this.els.popupVideoLoopingStartEl is null
GVA info: Successfully connected to the Intel plugin, offline Gen7 
JavaScript error: https://www.samsung.com/etc.clientlibs/samsung/clientlibs/consumer/global/clientlib-base.min.5283af821a7fff853199f36d4fcda44a.js, line 480: TypeError: this.els.popupVideoLoopingStartEl is null
JavaScript error: https://www.samsung.com/etc.clientlibs/samsung/clientlibs/consumer/global/clientlib-base.min.5283af821a7fff853199f36d4fcda44a.js, line 360: SyntaxError: JSON.parse: expected ',' or '}' after property value in object at line 3 column 32 of the JSON data
console.error: BroadcastService: 
  receivedBroadcastMessage: handler for
  remote-settings/monitor_changes
  threw error:
  Message: Error: Polling for changes failed: NetworkError when attempting to fetch resource..
  Stack:
    remoteSettingsFunction/remoteSettings.pollChanges@resource://services-settings/remote-settings.js:190:13

1594470127217	mozrunner::runner	INFO	Running command: "/Applications/Firefox.app/Contents/MacOS/firefox-bin" "-marionette" "-foreground" "-no-remote" "-profile" "/var/folders/bx/76xtvgz15h37zf60jlj52bzsgmwvqb/T/rust_mozprofileZoNS6v"
1594470129250	addons.webextension.screenshots@mozilla.org	WARN	Loading extension 'screenshots@mozilla.org': Reading manifest: Invalid extension permission: mozillaAddons
1594470129250	addons.webextension.screenshots@mozilla.org	WARN	Loading extension 'screenshots@mozilla.org': Reading manifest: Invalid extension permission: resource://pdf.js/
1594470129250	addons.webextension.screenshots@mozilla.org	WARN	Loading extension 'screenshots@mozilla.org': Reading manifest: Invalid extension permission: about:reader*
JavaScript error: chrome://browser/content/browser.js, line 7500: TypeError: gURLBar is null
JavaScript error: chrome://browser/content/nonbrowser-mac.js, line 77: TypeError: document.getElementById(...) is null
1594470132094	Marionette	INFO	Listening on port 63175
1594470132174	Marionette	WARN	TLS certificate errors will be ignored for this session
JavaScript error: https://www.samsung.com/etc.clientlibs/samsung/clientlibs/consumer/global/clientlib-base.min.5283af821a7fff853199f36d4fcda44a.js, line 480: TypeError: this.els.popupVideoLoopingStartEl is null
GVA info: Successfully connected to the Intel plugin, offline Gen7 
JavaScript error: https://www.samsung.com/etc.clientlibs/samsung/clientlibs/consumer/global/clientlib-base.min.5283af821a7fff853199f36d4fcda44a.js, line 480: TypeError: this.els.popupVideoLoopingStartEl is null
JavaScript error: https://www.samsung.com/etc.clientlibs/samsung/clientlibs/consumer/global/clientlib-base.min.5283af821a7fff853199f36d4fcda44a.js, line 360: SyntaxError: JSON.parse: expected ',' or '}' after property value in object at line 3 column 32 of the JSON data
console.error: BroadcastService: 
  receivedBroadcastMessage: handler for
  remote-settings/monitor_changes
  threw error:
  Message: Error: Polling for changes failed: NetworkError when attempting to fetch resource..
  Stack:
    remoteSettingsFunction/remoteSettings.pollChanges@resource://services-settings/remote-settings.js:190:13

Exiting due to channel error.
[GFX1-]: Receive IPC close with reason=AbnormalShutdown
[GFX1-]: Receive IPC close with reason=AbnormalShutdown
Exiting due to channel error.
Exiting due to channel error.
Exiting due to channel error.
Exiting due to channel error.
Exiting due to channel error.
[GFX1-]: Receive IPC close with reason=AbnormalShutdown
[Child 17363, Chrome_ChildThread] WARNING: pipe error: Broken pipe: file /builds/worker/workspace/build/src/ipc/chromium/src/chrome/common/ipc_channel_posix.cc, line 726
Exiting due to channel error.
[GFX1-]: Receive IPC close with reason=AbnormalShutdown
Exiting due to channel error.
Exiting due to channel error.
1594471610234	mozrunner::runner	INFO	Running command: "/Applications/Firefox.app/Contents/MacOS/firefox-bin" "-marionette" "-foreground" "-no-remote" "-profile" "/var/folders/bx/76xtvgz15h37zf60jlj52bzsgmwvqb/T/rust_mozprofileHhm7Tl"
1594471613040	addons.webextension.screenshots@mozilla.org	WARN	Loading extension 'screenshots@mozilla.org': Reading manifest: Invalid extension permission: mozillaAddons
1594471613041	addons.webextension.screenshots@mozilla.org	WARN	Loading extension 'screenshots@mozilla.org': Reading manifest: Invalid extension permission: resource://pdf.js/
1594471613041	addons.webextension.screenshots@mozilla.org	WARN	Loading extension 'screenshots@mozilla.org': Reading manifest: Invalid extension permission: about:reader*
JavaScript error: chrome://browser/content/browser.js, line 7500: TypeError: gURLBar is null
JavaScript error: chrome://browser/content/nonbrowser-mac.js, line 77: TypeError: document.getElementById(...) is null
1594471616821	Marionette	INFO	Listening on port 51071
1594471616889	Marionette	WARN	TLS certificate errors will be ignored for this session
JavaScript error: https://www.samsung.com/etc.clientlibs/samsung/clientlibs/consumer/global/clientlib-base.min.5283af821a7fff853199f36d4fcda44a.js, line 480: TypeError: this.els.popupVideoLoopingStartEl is null
GVA info: Successfully connected to the Intel plugin, offline Gen7 
1594471707885	mozrunner::runner	INFO	Running command: "/Applications/Firefox.app/Contents/MacOS/firefox-bin" "-marionette" "-foreground" "-no-remote" "-profile" "/var/folders/bx/76xtvgz15h37zf60jlj52bzsgmwvqb/T/rust_mozprofileenD23T"
1594471708568	addons.webextension.screenshots@mozilla.org	WARN	Loading extension 'screenshots@mozilla.org': Reading manifest: Invalid extension permission: mozillaAddons
1594471708733	addons.webextension.screenshots@mozilla.org	WARN	Loading extension 'screenshots@mozilla.org': Reading manifest: Invalid extension permission: resource://pdf.js/
1594471708733	addons.webextension.screenshots@mozilla.org	WARN	Loading extension 'screenshots@mozilla.org': Reading manifest: Invalid extension permission: about:reader*
JavaScript error: chrome://browser/content/browser.js, line 7500: TypeError: gURLBar is null
JavaScript error: chrome://browser/content/nonbrowser-mac.js, line 77: TypeError: document.getElementById(...) is null
1594471711068	Marionette	INFO	Listening on port 51232
1594471711172	Marionette	WARN	TLS certificate errors will be ignored for this session
JavaScript error: https://www.samsung.com/etc.clientlibs/samsung/clientlibs/consumer/global/clientlib-base.min.5283af821a7fff853199f36d4fcda44a.js, line 480: TypeError: this.els.popupVideoLoopingStartEl is null
GVA info: Successfully connected to the Intel plugin, offline Gen7 
1594471787065	mozrunner::runner	INFO	Running command: "/Applications/Firefox.app/Contents/MacOS/firefox-bin" "-marionette" "-foreground" "-no-remote" "-profile" "/var/folders/bx/76xtvgz15h37zf60jlj52bzsgmwvqb/T/rust_mozprofileZGUbWO"
1594471787707	addons.webextension.screenshots@mozilla.org	WARN	Loading extension 'screenshots@mozilla.org': Reading manifest: Invalid extension permission: mozillaAddons
1594471787708	addons.webextension.screenshots@mozilla.org	WARN	Loading extension 'screenshots@mozilla.org': Reading manifest: Invalid extension permission: resource://pdf.js/
1594471787708	addons.webextension.screenshots@mozilla.org	WARN	Loading extension 'screenshots@mozilla.org': Reading manifest: Invalid extension permission: about:reader*
JavaScript error: chrome://browser/content/browser.js, line 7500: TypeError: gURLBar is null
JavaScript error: chrome://browser/content/nonbrowser-mac.js, line 77: TypeError: document.getElementById(...) is null
1594471789865	Marionette	INFO	Listening on port 51366
1594471789891	Marionette	WARN	TLS certificate errors will be ignored for this session
JavaScript error: https://www.samsung.com/etc.clientlibs/samsung/clientlibs/consumer/global/clientlib-base.min.5283af821a7fff853199f36d4fcda44a.js, line 480: TypeError: this.els.popupVideoLoopingStartEl is null
GVA info: Successfully connected to the Intel plugin, offline Gen7 
JavaScript error: https://www.samsung.com/etc.clientlibs/samsung/clientlibs/consumer/global/clientlib-base.min.5283af821a7fff853199f36d4fcda44a.js, line 480: TypeError: this.els.popupVideoLoopingStartEl is null
JavaScript error: https://www.samsung.com/etc.clientlibs/samsung/clientlibs/consumer/global/clientlib-base.min.5283af821a7fff853199f36d4fcda44a.js, line 360: SyntaxError: JSON.parse: expected ',' or '}' after property value in object at line 3 column 32 of the JSON data
console.error: BroadcastService: 
  receivedBroadcastMessage: handler for
  remote-settings/monitor_changes
  threw error:
  Message: Error: Polling for changes failed: NetworkError when attempting to fetch resource..
  Stack:
    remoteSettingsFunction/remoteSettings.pollChanges@resource://services-settings/remote-settings.js:190:13

console.error: BroadcastService: 
  receivedBroadcastMessage: handler for
  remote-settings/monitor_changes
  threw error:
  Message: Error: Polling for changes failed: NetworkError when attempting to fetch resource..
  Stack:
    remoteSettingsFunction/remoteSettings.pollChanges@resource://services-settings/remote-settings.js:190:13

console.error: BroadcastService: 
  receivedBroadcastMessage: handler for
  remote-settings/monitor_changes
  threw error:
  Message: Error: Polling for changes failed: NetworkError when attempting to fetch resource..
  Stack:
    remoteSettingsFunction/remoteSettings.pollChanges@resource://services-settings/remote-settings.js:190:13

1594472075786	mozrunner::runner	INFO	Running command: "/Applications/Firefox.app/Contents/MacOS/firefox-bin" "-marionette" "-headless" "-foreground" "-no-remote" "-profile" "/var/folders/bx/76xtvgz15h37zf60jlj52bzsgmwvqb/T/rust_mozprofileXl0IRd"
*** You are running in headless mode.
1594472076294	addons.webextension.screenshots@mozilla.org	WARN	Loading extension 'screenshots@mozilla.org': Reading manifest: Invalid extension permission: mozillaAddons
1594472076294	addons.webextension.screenshots@mozilla.org	WARN	Loading extension 'screenshots@mozilla.org': Reading manifest: Invalid extension permission: resource://pdf.js/
1594472076294	addons.webextension.screenshots@mozilla.org	WARN	Loading extension 'screenshots@mozilla.org': Reading manifest: Invalid extension permission: about:reader*
JavaScript error: chrome://browser/content/browser.js, line 7500: TypeError: gURLBar is null
JavaScript error: chrome://browser/content/nonbrowser-mac.js, line 77: TypeError: document.getElementById(...) is null
1594472077906	Marionette	INFO	Listening on port 51557
1594472077939	Marionette	WARN	TLS certificate errors will be ignored for this session
JavaScript error: https://www.samsung.com/etc.clientlibs/samsung/clientlibs/consumer/global/clientlib-base.min.5283af821a7fff853199f36d4fcda44a.js, line 480: TypeError: this.els.popupVideoLoopingStartEl is null
JavaScript warning: https://assets.adobedtm.com/72afb75f5516/5217018b8f24/launch-5777f2923288.min.js, line 2: Error: WebGL warning: <SetDimensions>: Can't use WebGL in headless mode (https://bugzil.la/1375585).
JavaScript warning: https://assets.adobedtm.com/72afb75f5516/5217018b8f24/launch-5777f2923288.min.js, line 2: Error: WebGL warning: <SetDimensions>: Failed to create WebGL context: WebGL creation failed: 
* Can't use WebGL in headless mode (https://bugzil.la/1375585).
JavaScript warning: https://assets.adobedtm.com/72afb75f5516/5217018b8f24/launch-5777f2923288.min.js, line 2: Error: WebGL warning: <SetDimensions>: Can't use WebGL in headless mode (https://bugzil.la/1375585).
JavaScript warning: https://assets.adobedtm.com/72afb75f5516/5217018b8f24/launch-5777f2923288.min.js, line 2: Error: WebGL warning: <SetDimensions>: Failed to create WebGL context: WebGL creation failed: 
* Can't use WebGL in headless mode (https://bugzil.la/1375585).
GVA info: Successfully connected to the Intel plugin, offline Gen7 
1594472151484	mozrunner::runner	INFO	Running command: "/Applications/Firefox.app/Contents/MacOS/firefox-bin" "-marionette" "-headless" "-foreground" "-no-remote" "-profile" "/var/folders/bx/76xtvgz15h37zf60jlj52bzsgmwvqb/T/rust_mozprofile5b2Ev3"
*** You are running in headless mode.
1594472151962	addons.webextension.screenshots@mozilla.org	WARN	Loading extension 'screenshots@mozilla.org': Reading manifest: Invalid extension permission: mozillaAddons
1594472151962	addons.webextension.screenshots@mozilla.org	WARN	Loading extension 'screenshots@mozilla.org': Reading manifest: Invalid extension permission: resource://pdf.js/
1594472151962	addons.webextension.screenshots@mozilla.org	WARN	Loading extension 'screenshots@mozilla.org': Reading manifest: Invalid extension permission: about:reader*
JavaScript error: chrome://browser/content/browser.js, line 7500: TypeError: gURLBar is null
JavaScript error: chrome://browser/content/nonbrowser-mac.js, line 77: TypeError: document.getElementById(...) is null
1594472153866	Marionette	INFO	Listening on port 51681
1594472153883	Marionette	WARN	TLS certificate errors will be ignored for this session
JavaScript error: https://www.samsung.com/etc.clientlibs/samsung/clientlibs/consumer/global/clientlib-base.min.5283af821a7fff853199f36d4fcda44a.js, line 480: TypeError: this.els.popupVideoLoopingStartEl is null
JavaScript warning: https://assets.adobedtm.com/72afb75f5516/5217018b8f24/launch-5777f2923288.min.js, line 2: Error: WebGL warning: <SetDimensions>: Can't use WebGL in headless mode (https://bugzil.la/1375585).
JavaScript warning: https://assets.adobedtm.com/72afb75f5516/5217018b8f24/launch-5777f2923288.min.js, line 2: Error: WebGL warning: <SetDimensions>: Failed to create WebGL context: WebGL creation failed: 
* Can't use WebGL in headless mode (https://bugzil.la/1375585).
JavaScript warning: https://assets.adobedtm.com/72afb75f5516/5217018b8f24/launch-5777f2923288.min.js, line 2: Error: WebGL warning: <SetDimensions>: Can't use WebGL in headless mode (https://bugzil.la/1375585).
JavaScript warning: https://assets.adobedtm.com/72afb75f5516/5217018b8f24/launch-5777f2923288.min.js, line 2: Error: WebGL warning: <SetDimensions>: Failed to create WebGL context: WebGL creation failed: 
* Can't use WebGL in headless mode (https://bugzil.la/1375585).
GVA info: Successfully connected to the Intel plugin, offline Gen7 
JavaScript warning: https://assets.adobedtm.com/72afb75f5516/5217018b8f24/launch-5777f2923288.min.js, line 2: Error: WebGL warning: <SetDimensions>: Can't use WebGL in headless mode (https://bugzil.la/1375585).
JavaScript warning: https://assets.adobedtm.com/72afb75f5516/5217018b8f24/launch-5777f2923288.min.js, line 2: Error: WebGL warning: <SetDimensions>: Failed to create WebGL context: WebGL creation failed: 
* Can't use WebGL in headless mode (https://bugzil.la/1375585).
JavaScript warning: https://assets.adobedtm.com/72afb75f5516/5217018b8f24/launch-5777f2923288.min.js, line 2: Error: WebGL warning: <SetDimensions>: Can't use WebGL in headless mode (https://bugzil.la/1375585).
JavaScript warning: https://assets.adobedtm.com/72afb75f5516/5217018b8f24/launch-5777f2923288.min.js, line 2: Error: WebGL warning: <SetDimensions>: Failed to create WebGL context: WebGL creation failed: 
* Can't use WebGL in headless mode (https://bugzil.la/1375585).
JavaScript warning: https://assets.adobedtm.com/72afb75f5516/8fd66566a6e6/launch-b7b23eb4eabb.min.js, line 3: Error: WebGL warning: <SetDimensions>: Can't use WebGL in headless mode (https://bugzil.la/1375585).
JavaScript warning: https://assets.adobedtm.com/72afb75f5516/8fd66566a6e6/launch-b7b23eb4eabb.min.js, line 3: Error: WebGL warning: <SetDimensions>: Failed to create WebGL context: WebGL creation failed: 
* Can't use WebGL in headless mode (https://bugzil.la/1375585).
JavaScript warning: https://assets.adobedtm.com/72afb75f5516/8fd66566a6e6/launch-b7b23eb4eabb.min.js, line 3: Error: WebGL warning: <SetDimensions>: Can't use WebGL in headless mode (https://bugzil.la/1375585).
JavaScript warning: https://assets.adobedtm.com/72afb75f5516/8fd66566a6e6/launch-b7b23eb4eabb.min.js, line 3: Error: WebGL warning: <SetDimensions>: Failed to create WebGL context: WebGL creation failed: 
* Can't use WebGL in headless mode (https://bugzil.la/1375585).
JavaScript error: https://www.samsung.com/etc.clientlibs/samsung/clientlibs/consumer/global/clientlib-base.min.5283af821a7fff853199f36d4fcda44a.js, line 480: TypeError: this.els.popupVideoLoopingStartEl is null
JavaScript warning: https://assets.adobedtm.com/72afb75f5516/8fd66566a6e6/launch-b7b23eb4eabb.min.js, line 3: Error: WebGL warning: <SetDimensions>: Can't use WebGL in headless mode (https://bugzil.la/1375585).
JavaScript warning: https://assets.adobedtm.com/72afb75f5516/8fd66566a6e6/launch-b7b23eb4eabb.min.js, line 3: Error: WebGL warning: <SetDimensions>: Failed to create WebGL context: WebGL creation failed: 
* Can't use WebGL in headless mode (https://bugzil.la/1375585).
JavaScript warning: https://assets.adobedtm.com/72afb75f5516/8fd66566a6e6/launch-b7b23eb4eabb.min.js, line 3: Error: WebGL warning: <SetDimensions>: Can't use WebGL in headless mode (https://bugzil.la/1375585).
JavaScript warning: https://assets.adobedtm.com/72afb75f5516/8fd66566a6e6/launch-b7b23eb4eabb.min.js, line 3: Error: WebGL warning: <SetDimensions>: Failed to create WebGL context: WebGL creation failed: 
* Can't use WebGL in headless mode (https://bugzil.la/1375585).
JavaScript error: https://www.samsung.com/etc.clientlibs/samsung/clientlibs/consumer/global/clientlib-base.min.5283af821a7fff853199f36d4fcda44a.js, line 360: SyntaxError: JSON.parse: expected ',' or '}' after property value in object at line 3 column 32 of the JSON data
console.error: BroadcastService: 
  receivedBroadcastMessage: handler for
  remote-settings/monitor_changes
  threw error:
  Message: Error: Polling for changes failed: NetworkError when attempting to fetch resource..
  Stack:
    remoteSettingsFunction/remoteSettings.pollChanges@resource://services-settings/remote-settings.js:190:13

console.error: BroadcastService: 
  receivedBroadcastMessage: handler for
  remote-settings/monitor_changes
  threw error:
  Message: Error: Polling for changes failed: NetworkError when attempting to fetch resource..
  Stack:
    remoteSettingsFunction/remoteSettings.pollChanges@resource://services-settings/remote-settings.js:190:13

1594473968718	mozrunner::runner	INFO	Running command: "/Applications/Firefox.app/Contents/MacOS/firefox-bin" "-marionette" "-headless" "-foreground" "-no-remote" "-profile" "/var/folders/bx/76xtvgz15h37zf60jlj52bzsgmwvqb/T/rust_mozprofiletaCBrC"
*** You are running in headless mode.
1594473981357	mozrunner::runner	INFO	Running command: "/Applications/Firefox.app/Contents/MacOS/firefox-bin" "-marionette" "-headless" "-foreground" "-no-remote" "-profile" "/var/folders/bx/76xtvgz15h37zf60jlj52bzsgmwvqb/T/rust_mozprofileUGNrHj"
*** You are running in headless mode.
1594473981999	addons.webextension.screenshots@mozilla.org	WARN	Loading extension 'screenshots@mozilla.org': Reading manifest: Invalid extension permission: mozillaAddons
1594473981999	addons.webextension.screenshots@mozilla.org	WARN	Loading extension 'screenshots@mozilla.org': Reading manifest: Invalid extension permission: resource://pdf.js/
1594473981999	addons.webextension.screenshots@mozilla.org	WARN	Loading extension 'screenshots@mozilla.org': Reading manifest: Invalid extension permission: about:reader*
JavaScript error: chrome://browser/content/browser.js, line 7500: TypeError: gURLBar is null
JavaScript error: chrome://browser/content/nonbrowser-mac.js, line 77: TypeError: document.getElementById(...) is null
1594473984324	Marionette	INFO	Listening on port 52288
1594473984627	Marionette	WARN	TLS certificate errors will be ignored for this session
JavaScript error: https://www.samsung.com/etc.clientlibs/samsung/clientlibs/consumer/global/clientlib-base.min.5283af821a7fff853199f36d4fcda44a.js, line 480: TypeError: this.els.popupVideoLoopingStartEl is null
JavaScript warning: https://assets.adobedtm.com/72afb75f5516/5217018b8f24/launch-5777f2923288.min.js, line 2: Error: WebGL warning: <SetDimensions>: Can't use WebGL in headless mode (https://bugzil.la/1375585).
JavaScript warning: https://assets.adobedtm.com/72afb75f5516/5217018b8f24/launch-5777f2923288.min.js, line 2: Error: WebGL warning: <SetDimensions>: Failed to create WebGL context: WebGL creation failed: 
* Can't use WebGL in headless mode (https://bugzil.la/1375585).
JavaScript warning: https://assets.adobedtm.com/72afb75f5516/5217018b8f24/launch-5777f2923288.min.js, line 2: Error: WebGL warning: <SetDimensions>: Can't use WebGL in headless mode (https://bugzil.la/1375585).
JavaScript warning: https://assets.adobedtm.com/72afb75f5516/5217018b8f24/launch-5777f2923288.min.js, line 2: Error: WebGL warning: <SetDimensions>: Failed to create WebGL context: WebGL creation failed: 
* Can't use WebGL in headless mode (https://bugzil.la/1375585).
GVA info: Successfully connected to the Intel plugin, offline Gen7 
1594474022491	mozrunner::runner	INFO	Running command: "/Applications/Firefox.app/Contents/MacOS/firefox-bin" "-marionette" "-headless" "-foreground" "-no-remote" "-profile" "/var/folders/bx/76xtvgz15h37zf60jlj52bzsgmwvqb/T/rust_mozprofilehZTu6k"
*** You are running in headless mode.
1594474024172	addons.webextension.screenshots@mozilla.org	WARN	Loading extension 'screenshots@mozilla.org': Reading manifest: Invalid extension permission: mozillaAddons
1594474024172	addons.webextension.screenshots@mozilla.org	WARN	Loading extension 'screenshots@mozilla.org': Reading manifest: Invalid extension permission: resource://pdf.js/
1594474024172	addons.webextension.screenshots@mozilla.org	WARN	Loading extension 'screenshots@mozilla.org': Reading manifest: Invalid extension permission: about:reader*
JavaScript error: chrome://browser/content/browser.js, line 7500: TypeError: gURLBar is null
JavaScript error: chrome://browser/content/nonbrowser-mac.js, line 77: TypeError: document.getElementById(...) is null
1594474026504	Marionette	INFO	Listening on port 52414
1594474026570	Marionette	WARN	TLS certificate errors will be ignored for this session
JavaScript error: https://www.samsung.com/etc.clientlibs/samsung/clientlibs/consumer/global/clientlib-base.min.5283af821a7fff853199f36d4fcda44a.js, line 480: TypeError: this.els.popupVideoLoopingStartEl is null
JavaScript warning: https://assets.adobedtm.com/72afb75f5516/5217018b8f24/launch-5777f2923288.min.js, line 2: Error: WebGL warning: <SetDimensions>: Can't use WebGL in headless mode (https://bugzil.la/1375585).
JavaScript warning: https://assets.adobedtm.com/72afb75f5516/5217018b8f24/launch-5777f2923288.min.js, line 2: Error: WebGL warning: <SetDimensions>: Failed to create WebGL context: WebGL creation failed: 
* Can't use WebGL in headless mode (https://bugzil.la/1375585).
JavaScript warning: https://assets.adobedtm.com/72afb75f5516/5217018b8f24/launch-5777f2923288.min.js, line 2: Error: WebGL warning: <SetDimensions>: Can't use WebGL in headless mode (https://bugzil.la/1375585).
JavaScript warning: https://assets.adobedtm.com/72afb75f5516/5217018b8f24/launch-5777f2923288.min.js, line 2: Error: WebGL warning: <SetDimensions>: Failed to create WebGL context: WebGL creation failed: 
* Can't use WebGL in headless mode (https://bugzil.la/1375585).
GVA info: Successfully connected to the Intel plugin, offline Gen7 
JavaScript warning: https://assets.adobedtm.com/72afb75f5516/5217018b8f24/launch-5777f2923288.min.js, line 2: Error: WebGL warning: <SetDimensions>: Can't use WebGL in headless mode (https://bugzil.la/1375585).
JavaScript warning: https://assets.adobedtm.com/72afb75f5516/5217018b8f24/launch-5777f2923288.min.js, line 2: Error: WebGL warning: <SetDimensions>: Failed to create WebGL context: WebGL creation failed: 
* Can't use WebGL in headless mode (https://bugzil.la/1375585).
JavaScript warning: https://assets.adobedtm.com/72afb75f5516/5217018b8f24/launch-5777f2923288.min.js, line 2: Error: WebGL warning: <SetDimensions>: Can't use WebGL in headless mode (https://bugzil.la/1375585).
JavaScript warning: https://assets.adobedtm.com/72afb75f5516/5217018b8f24/launch-5777f2923288.min.js, line 2: Error: WebGL warning: <SetDimensions>: Failed to create WebGL context: WebGL creation failed: 
* Can't use WebGL in headless mode (https://bugzil.la/1375585).
JavaScript warning: https://assets.adobedtm.com/72afb75f5516/8fd66566a6e6/launch-b7b23eb4eabb.min.js, line 3: Error: WebGL warning: <SetDimensions>: Can't use WebGL in headless mode (https://bugzil.la/1375585).
JavaScript warning: https://assets.adobedtm.com/72afb75f5516/8fd66566a6e6/launch-b7b23eb4eabb.min.js, line 3: Error: WebGL warning: <SetDimensions>: Failed to create WebGL context: WebGL creation failed: 
* Can't use WebGL in headless mode (https://bugzil.la/1375585).
JavaScript warning: https://assets.adobedtm.com/72afb75f5516/8fd66566a6e6/launch-b7b23eb4eabb.min.js, line 3: Error: WebGL warning: <SetDimensions>: Can't use WebGL in headless mode (https://bugzil.la/1375585).
JavaScript warning: https://assets.adobedtm.com/72afb75f5516/8fd66566a6e6/launch-b7b23eb4eabb.min.js, line 3: Error: WebGL warning: <SetDimensions>: Failed to create WebGL context: WebGL creation failed: 
* Can't use WebGL in headless mode (https://bugzil.la/1375585).
JavaScript error: https://www.samsung.com/etc.clientlibs/samsung/clientlibs/consumer/global/clientlib-base.min.5283af821a7fff853199f36d4fcda44a.js, line 480: TypeError: this.els.popupVideoLoopingStartEl is null
console.error: BroadcastService: 
  receivedBroadcastMessage: handler for
  remote-settings/monitor_changes
  threw error:
  Message: Error: Polling for changes failed: NetworkError when attempting to fetch resource..
  Stack:
    remoteSettingsFunction/remoteSettings.pollChanges@resource://services-settings/remote-settings.js:190:13

JavaScript warning: https://assets.adobedtm.com/72afb75f5516/8fd66566a6e6/launch-b7b23eb4eabb.min.js, line 3: Error: WebGL warning: <SetDimensions>: Can't use WebGL in headless mode (https://bugzil.la/1375585).
JavaScript warning: https://assets.adobedtm.com/72afb75f5516/8fd66566a6e6/launch-b7b23eb4eabb.min.js, line 3: Error: WebGL warning: <SetDimensions>: Failed to create WebGL context: WebGL creation failed: 
* Can't use WebGL in headless mode (https://bugzil.la/1375585).
JavaScript warning: https://assets.adobedtm.com/72afb75f5516/8fd66566a6e6/launch-b7b23eb4eabb.min.js, line 3: Error: WebGL warning: <SetDimensions>: Can't use WebGL in headless mode (https://bugzil.la/1375585).
JavaScript warning: https://assets.adobedtm.com/72afb75f5516/8fd66566a6e6/launch-b7b23eb4eabb.min.js, line 3: Error: WebGL warning: <SetDimensions>: Failed to create WebGL context: WebGL creation failed: 
* Can't use WebGL in headless mode (https://bugzil.la/1375585).
JavaScript error: https://www.samsung.com/etc.clientlibs/samsung/clientlibs/consumer/global/clientlib-base.min.5283af821a7fff853199f36d4fcda44a.js, line 360: SyntaxError: JSON.parse: expected ',' or '}' after property value in object at line 3 column 32 of the JSON data
1594474295127	mozrunner::runner	INFO	Running command: "/Applications/Firefox.app/Contents/MacOS/firefox-bin" "-marionette" "-headless" "-foreground" "-no-remote" "-profile" "/var/folders/bx/76xtvgz15h37zf60jlj52bzsgmwvqb/T/rust_mozprofilecV4j7c"
*** You are running in headless mode.
1594474297878	addons.webextension.screenshots@mozilla.org	WARN	Loading extension 'screenshots@mozilla.org': Reading manifest: Invalid extension permission: mozillaAddons
1594474297878	addons.webextension.screenshots@mozilla.org	WARN	Loading extension 'screenshots@mozilla.org': Reading manifest: Invalid extension permission: resource://pdf.js/
1594474297878	addons.webextension.screenshots@mozilla.org	WARN	Loading extension 'screenshots@mozilla.org': Reading manifest: Invalid extension permission: about:reader*
JavaScript error: chrome://browser/content/browser.js, line 7500: TypeError: gURLBar is null
JavaScript error: chrome://browser/content/nonbrowser-mac.js, line 77: TypeError: document.getElementById(...) is null
1594474301221	Marionette	INFO	Listening on port 52754
1594474301294	Marionette	WARN	TLS certificate errors will be ignored for this session
JavaScript error: https://www.samsung.com/etc.clientlibs/samsung/clientlibs/consumer/global/clientlib-base.min.5283af821a7fff853199f36d4fcda44a.js, line 480: TypeError: this.els.popupVideoLoopingStartEl is null
JavaScript warning: https://assets.adobedtm.com/72afb75f5516/5217018b8f24/launch-5777f2923288.min.js, line 2: Error: WebGL warning: <SetDimensions>: Can't use WebGL in headless mode (https://bugzil.la/1375585).
JavaScript warning: https://assets.adobedtm.com/72afb75f5516/5217018b8f24/launch-5777f2923288.min.js, line 2: Error: WebGL warning: <SetDimensions>: Failed to create WebGL context: WebGL creation failed: 
* Can't use WebGL in headless mode (https://bugzil.la/1375585).
JavaScript warning: https://assets.adobedtm.com/72afb75f5516/5217018b8f24/launch-5777f2923288.min.js, line 2: Error: WebGL warning: <SetDimensions>: Can't use WebGL in headless mode (https://bugzil.la/1375585).
JavaScript warning: https://assets.adobedtm.com/72afb75f5516/5217018b8f24/launch-5777f2923288.min.js, line 2: Error: WebGL warning: <SetDimensions>: Failed to create WebGL context: WebGL creation failed: 
* Can't use WebGL in headless mode (https://bugzil.la/1375585).
GVA info: Successfully connected to the Intel plugin, offline Gen7 
console.error: BroadcastService: 
  receivedBroadcastMessage: handler for
  remote-settings/monitor_changes
  threw error:
  Message: Error: Polling for changes failed: NetworkError when attempting to fetch resource..
  Stack:
    remoteSettingsFunction/remoteSettings.pollChanges@resource://services-settings/remote-settings.js:190:13

JavaScript warning: https://assets.adobedtm.com/72afb75f5516/5217018b8f24/launch-5777f2923288.min.js, line 2: Error: WebGL warning: <SetDimensions>: Can't use WebGL in headless mode (https://bugzil.la/1375585).
JavaScript warning: https://assets.adobedtm.com/72afb75f5516/5217018b8f24/launch-5777f2923288.min.js, line 2: Error: WebGL warning: <SetDimensions>: Failed to create WebGL context: WebGL creation failed: 
* Can't use WebGL in headless mode (https://bugzil.la/1375585).
JavaScript warning: https://assets.adobedtm.com/72afb75f5516/5217018b8f24/launch-5777f2923288.min.js, line 2: Error: WebGL warning: <SetDimensions>: Can't use WebGL in headless mode (https://bugzil.la/1375585).
JavaScript warning: https://assets.adobedtm.com/72afb75f5516/5217018b8f24/launch-5777f2923288.min.js, line 2: Error: WebGL warning: <SetDimensions>: Failed to create WebGL context: WebGL creation failed: 
* Can't use WebGL in headless mode (https://bugzil.la/1375585).
JavaScript error: https://www.samsung.com/etc.clientlibs/samsung/clientlibs/consumer/global/clientlib-base.min.5283af821a7fff853199f36d4fcda44a.js, line 480: TypeError: this.els.popupVideoLoopingStartEl is null
JavaScript warning: https://assets.adobedtm.com/72afb75f5516/8fd66566a6e6/launch-b7b23eb4eabb.min.js, line 3: Error: WebGL warning: <SetDimensions>: Can't use WebGL in headless mode (https://bugzil.la/1375585).
JavaScript warning: https://assets.adobedtm.com/72afb75f5516/8fd66566a6e6/launch-b7b23eb4eabb.min.js, line 3: Error: WebGL warning: <SetDimensions>: Failed to create WebGL context: WebGL creation failed: 
* Can't use WebGL in headless mode (https://bugzil.la/1375585).
JavaScript warning: https://assets.adobedtm.com/72afb75f5516/8fd66566a6e6/launch-b7b23eb4eabb.min.js, line 3: Error: WebGL warning: <SetDimensions>: Can't use WebGL in headless mode (https://bugzil.la/1375585).
JavaScript warning: https://assets.adobedtm.com/72afb75f5516/8fd66566a6e6/launch-b7b23eb4eabb.min.js, line 3: Error: WebGL warning: <SetDimensions>: Failed to create WebGL context: WebGL creation failed: 
* Can't use WebGL in headless mode (https://bugzil.la/1375585).
JavaScript warning: https://assets.adobedtm.com/72afb75f5516/8fd66566a6e6/launch-b7b23eb4eabb.min.js, line 3: Error: WebGL warning: <SetDimensions>: Can't use WebGL in headless mode (https://bugzil.la/1375585).
JavaScript warning: https://assets.adobedtm.com/72afb75f5516/8fd66566a6e6/launch-b7b23eb4eabb.min.js, line 3: Error: WebGL warning: <SetDimensions>: Failed to create WebGL context: WebGL creation failed: 
* Can't use WebGL in headless mode (https://bugzil.la/1375585).
JavaScript warning: https://assets.adobedtm.com/72afb75f5516/8fd66566a6e6/launch-b7b23eb4eabb.min.js, line 3: Error: WebGL warning: <SetDimensions>: Can't use WebGL in headless mode (https://bugzil.la/1375585).
JavaScript warning: https://assets.adobedtm.com/72afb75f5516/8fd66566a6e6/launch-b7b23eb4eabb.min.js, line 3: Error: WebGL warning: <SetDimensions>: Failed to create WebGL context: WebGL creation failed: 
* Can't use WebGL in headless mode (https://bugzil.la/1375585).
JavaScript error: https://www.samsung.com/etc.clientlibs/samsung/clientlibs/consumer/global/clientlib-base.min.5283af821a7fff853199f36d4fcda44a.js, line 360: SyntaxError: JSON.parse: expected ',' or '}' after property value in object at line 3 column 32 of the JSON data
console.error: BroadcastService: 
  receivedBroadcastMessage: handler for
  remote-settings/monitor_changes
  threw error:
  Message: Error: Polling for changes failed: NetworkError when attempting to fetch resource..
  Stack:
    remoteSettingsFunction/remoteSettings.pollChanges@resource://services-settings/remote-settings.js:190:13

1594474940412	mozrunner::runner	INFO	Running command: "/Applications/Firefox.app/Contents/MacOS/firefox-bin" "-marionette" "-headless" "-foreground" "-no-remote" "-profile" "/var/folders/bx/76xtvgz15h37zf60jlj52bzsgmwvqb/T/rust_mozprofileaf23P8"
*** You are running in headless mode.
1594474943712	addons.webextension.screenshots@mozilla.org	WARN	Loading extension 'screenshots@mozilla.org': Reading manifest: Invalid extension permission: mozillaAddons
1594474943713	addons.webextension.screenshots@mozilla.org	WARN	Loading extension 'screenshots@mozilla.org': Reading manifest: Invalid extension permission: resource://pdf.js/
1594474943713	addons.webextension.screenshots@mozilla.org	WARN	Loading extension 'screenshots@mozilla.org': Reading manifest: Invalid extension permission: about:reader*
JavaScript error: chrome://browser/content/browser.js, line 7500: TypeError: gURLBar is null
JavaScript error: chrome://browser/content/nonbrowser-mac.js, line 77: TypeError: document.getElementById(...) is null
1594474948001	Marionette	INFO	Listening on port 53165
1594474948039	Marionette	WARN	TLS certificate errors will be ignored for this session
JavaScript error: https://www.samsung.com/etc.clientlibs/samsung/clientlibs/consumer/global/clientlib-base.min.5283af821a7fff853199f36d4fcda44a.js, line 480: TypeError: this.els.popupVideoLoopingStartEl is null
JavaScript warning: https://assets.adobedtm.com/72afb75f5516/5217018b8f24/launch-5777f2923288.min.js, line 2: Error: WebGL warning: <SetDimensions>: Can't use WebGL in headless mode (https://bugzil.la/1375585).
JavaScript warning: https://assets.adobedtm.com/72afb75f5516/5217018b8f24/launch-5777f2923288.min.js, line 2: Error: WebGL warning: <SetDimensions>: Failed to create WebGL context: WebGL creation failed: 
* Can't use WebGL in headless mode (https://bugzil.la/1375585).
JavaScript warning: https://assets.adobedtm.com/72afb75f5516/5217018b8f24/launch-5777f2923288.min.js, line 2: Error: WebGL warning: <SetDimensions>: Can't use WebGL in headless mode (https://bugzil.la/1375585).
JavaScript warning: https://assets.adobedtm.com/72afb75f5516/5217018b8f24/launch-5777f2923288.min.js, line 2: Error: WebGL warning: <SetDimensions>: Failed to create WebGL context: WebGL creation failed: 
* Can't use WebGL in headless mode (https://bugzil.la/1375585).
GVA info: Successfully connected to the Intel plugin, offline Gen7 
console.error: BroadcastService: 
  receivedBroadcastMessage: handler for
  remote-settings/monitor_changes
  threw error:
  Message: Error: Polling for changes failed: NetworkError when attempting to fetch resource..
  Stack:
    remoteSettingsFunction/remoteSettings.pollChanges@resource://services-settings/remote-settings.js:190:13

JavaScript warning: https://assets.adobedtm.com/72afb75f5516/5217018b8f24/launch-5777f2923288.min.js, line 2: Error: WebGL warning: <SetDimensions>: Can't use WebGL in headless mode (https://bugzil.la/1375585).
JavaScript warning: https://assets.adobedtm.com/72afb75f5516/5217018b8f24/launch-5777f2923288.min.js, line 2: Error: WebGL warning: <SetDimensions>: Failed to create WebGL context: WebGL creation failed: 
* Can't use WebGL in headless mode (https://bugzil.la/1375585).
JavaScript warning: https://assets.adobedtm.com/72afb75f5516/5217018b8f24/launch-5777f2923288.min.js, line 2: Error: WebGL warning: <SetDimensions>: Can't use WebGL in headless mode (https://bugzil.la/1375585).
JavaScript warning: https://assets.adobedtm.com/72afb75f5516/5217018b8f24/launch-5777f2923288.min.js, line 2: Error: WebGL warning: <SetDimensions>: Failed to create WebGL context: WebGL creation failed: 
* Can't use WebGL in headless mode (https://bugzil.la/1375585).

###!!! [Child][MessageChannel] Error: (msgtype=0x240016,name=PCameras::Msg_AllDone) Channel error: cannot send/recv

[GFX1-]: Receive IPC close with reason=AbnormalShutdown
Exiting due to channel error.
Exiting due to channel error.
1594474983545	mozrunner::runner	INFO	Running command: "/Applications/Firefox.app/Contents/MacOS/firefox-bin" "-marionette" "-headless" "-foreground" "-no-remote" "-profile" "/var/folders/bx/76xtvgz15h37zf60jlj52bzsgmwvqb/T/rust_mozprofileDtg5ws"
*** You are running in headless mode.
1594474987936	addons.webextension.screenshots@mozilla.org	WARN	Loading extension 'screenshots@mozilla.org': Reading manifest: Invalid extension permission: mozillaAddons
1594474987937	addons.webextension.screenshots@mozilla.org	WARN	Loading extension 'screenshots@mozilla.org': Reading manifest: Invalid extension permission: resource://pdf.js/
1594474987937	addons.webextension.screenshots@mozilla.org	WARN	Loading extension 'screenshots@mozilla.org': Reading manifest: Invalid extension permission: about:reader*
JavaScript error: chrome://browser/content/browser.js, line 7500: TypeError: gURLBar is null
JavaScript error: chrome://browser/content/nonbrowser-mac.js, line 77: TypeError: document.getElementById(...) is null
1594474990965	Marionette	INFO	Listening on port 53372
1594474991047	Marionette	WARN	TLS certificate errors will be ignored for this session
1594475032719	mozrunner::runner	INFO	Running command: "/Applications/Firefox.app/Contents/MacOS/firefox-bin" "-marionette" "-headless" "-foreground" "-no-remote" "-profile" "/var/folders/bx/76xtvgz15h37zf60jlj52bzsgmwvqb/T/rust_mozprofileGIorA2"
*** You are running in headless mode.
1594475034725	addons.webextension.screenshots@mozilla.org	WARN	Loading extension 'screenshots@mozilla.org': Reading manifest: Invalid extension permission: mozillaAddons
1594475034726	addons.webextension.screenshots@mozilla.org	WARN	Loading extension 'screenshots@mozilla.org': Reading manifest: Invalid extension permission: resource://pdf.js/
1594475034726	addons.webextension.screenshots@mozilla.org	WARN	Loading extension 'screenshots@mozilla.org': Reading manifest: Invalid extension permission: about:reader*
JavaScript error: chrome://browser/content/browser.js, line 7500: TypeError: gURLBar is null
JavaScript error: chrome://browser/content/nonbrowser-mac.js, line 77: TypeError: document.getElementById(...) is null
1594475037063	Marionette	INFO	Listening on port 53496
1594475037094	Marionette	WARN	TLS certificate errors will be ignored for this session
1594475085700	mozrunner::runner	INFO	Running command: "/Applications/Firefox.app/Contents/MacOS/firefox-bin" "-marionette" "-headless" "-foreground" "-no-remote" "-profile" "/var/folders/bx/76xtvgz15h37zf60jlj52bzsgmwvqb/T/rust_mozprofileKWYXxD"
*** You are running in headless mode.
1594475088746	addons.webextension.screenshots@mozilla.org	WARN	Loading extension 'screenshots@mozilla.org': Reading manifest: Invalid extension permission: mozillaAddons
1594475088747	addons.webextension.screenshots@mozilla.org	WARN	Loading extension 'screenshots@mozilla.org': Reading manifest: Invalid extension permission: resource://pdf.js/
1594475088747	addons.webextension.screenshots@mozilla.org	WARN	Loading extension 'screenshots@mozilla.org': Reading manifest: Invalid extension permission: about:reader*
JavaScript error: chrome://browser/content/browser.js, line 7500: TypeError: gURLBar is null
JavaScript error: chrome://browser/content/nonbrowser-mac.js, line 77: TypeError: document.getElementById(...) is null
1594475092327	Marionette	INFO	Listening on port 53570
1594475092404	Marionette	WARN	TLS certificate errors will be ignored for this session
1594475149411	mozrunner::runner	INFO	Running command: "/Applications/Firefox.app/Contents/MacOS/firefox-bin" "-marionette" "-headless" "-foreground" "-no-remote" "-profile" "/var/folders/bx/76xtvgz15h37zf60jlj52bzsgmwvqb/T/rust_mozprofilejDOKBY"
*** You are running in headless mode.
1594475152780	addons.webextension.screenshots@mozilla.org	WARN	Loading extension 'screenshots@mozilla.org': Reading manifest: Invalid extension permission: mozillaAddons
1594475152781	addons.webextension.screenshots@mozilla.org	WARN	Loading extension 'screenshots@mozilla.org': Reading manifest: Invalid extension permission: resource://pdf.js/
1594475152781	addons.webextension.screenshots@mozilla.org	WARN	Loading extension 'screenshots@mozilla.org': Reading manifest: Invalid extension permission: about:reader*
JavaScript error: chrome://browser/content/browser.js, line 7500: TypeError: gURLBar is null
JavaScript error: chrome://browser/content/nonbrowser-mac.js, line 77: TypeError: document.getElementById(...) is null
1594475157248	Marionette	INFO	Listening on port 53693
1594475157347	Marionette	WARN	TLS certificate errors will be ignored for this session
JavaScript error: https://www.samsung.com/etc.clientlibs/samsung/clientlibs/consumer/global/clientlib-base.min.5283af821a7fff853199f36d4fcda44a.js, line 480: TypeError: this.els.popupVideoLoopingStartEl is null
JavaScript warning: https://assets.adobedtm.com/72afb75f5516/5217018b8f24/launch-5777f2923288.min.js, line 2: Error: WebGL warning: <SetDimensions>: Can't use WebGL in headless mode (https://bugzil.la/1375585).
JavaScript warning: https://assets.adobedtm.com/72afb75f5516/5217018b8f24/launch-5777f2923288.min.js, line 2: Error: WebGL warning: <SetDimensions>: Failed to create WebGL context: WebGL creation failed: 
* Can't use WebGL in headless mode (https://bugzil.la/1375585).
JavaScript warning: https://assets.adobedtm.com/72afb75f5516/5217018b8f24/launch-5777f2923288.min.js, line 2: Error: WebGL warning: <SetDimensions>: Can't use WebGL in headless mode (https://bugzil.la/1375585).
JavaScript warning: https://assets.adobedtm.com/72afb75f5516/5217018b8f24/launch-5777f2923288.min.js, line 2: Error: WebGL warning: <SetDimensions>: Failed to create WebGL context: WebGL creation failed: 
* Can't use WebGL in headless mode (https://bugzil.la/1375585).
GVA info: Successfully connected to the Intel plugin, offline Gen7 
JavaScript warning: https://assets.adobedtm.com/72afb75f5516/5217018b8f24/launch-5777f2923288.min.js, line 2: Error: WebGL warning: <SetDimensions>: Can't use WebGL in headless mode (https://bugzil.la/1375585).
JavaScript warning: https://assets.adobedtm.com/72afb75f5516/5217018b8f24/launch-5777f2923288.min.js, line 2: Error: WebGL warning: <SetDimensions>: Failed to create WebGL context: WebGL creation failed: 
* Can't use WebGL in headless mode (https://bugzil.la/1375585).
JavaScript warning: https://assets.adobedtm.com/72afb75f5516/5217018b8f24/launch-5777f2923288.min.js, line 2: Error: WebGL warning: <SetDimensions>: Can't use WebGL in headless mode (https://bugzil.la/1375585).
JavaScript warning: https://assets.adobedtm.com/72afb75f5516/5217018b8f24/launch-5777f2923288.min.js, line 2: Error: WebGL warning: <SetDimensions>: Failed to create WebGL context: WebGL creation failed: 
* Can't use WebGL in headless mode (https://bugzil.la/1375585).
JavaScript warning: https://assets.adobedtm.com/72afb75f5516/8fd66566a6e6/launch-b7b23eb4eabb.min.js, line 3: Error: WebGL warning: <SetDimensions>: Can't use WebGL in headless mode (https://bugzil.la/1375585).
JavaScript warning: https://assets.adobedtm.com/72afb75f5516/8fd66566a6e6/launch-b7b23eb4eabb.min.js, line 3: Error: WebGL warning: <SetDimensions>: Failed to create WebGL context: WebGL creation failed: 
* Can't use WebGL in headless mode (https://bugzil.la/1375585).
JavaScript warning: https://assets.adobedtm.com/72afb75f5516/8fd66566a6e6/launch-b7b23eb4eabb.min.js, line 3: Error: WebGL warning: <SetDimensions>: Can't use WebGL in headless mode (https://bugzil.la/1375585).
JavaScript warning: https://assets.adobedtm.com/72afb75f5516/8fd66566a6e6/launch-b7b23eb4eabb.min.js, line 3: Error: WebGL warning: <SetDimensions>: Failed to create WebGL context: WebGL creation failed: 
* Can't use WebGL in headless mode (https://bugzil.la/1375585).
JavaScript error: https://www.samsung.com/etc.clientlibs/samsung/clientlibs/consumer/global/clientlib-base.min.5283af821a7fff853199f36d4fcda44a.js, line 480: TypeError: this.els.popupVideoLoopingStartEl is null
JavaScript warning: https://assets.adobedtm.com/72afb75f5516/8fd66566a6e6/launch-b7b23eb4eabb.min.js, line 3: Error: WebGL warning: <SetDimensions>: Can't use WebGL in headless mode (https://bugzil.la/1375585).
JavaScript warning: https://assets.adobedtm.com/72afb75f5516/8fd66566a6e6/launch-b7b23eb4eabb.min.js, line 3: Error: WebGL warning: <SetDimensions>: Failed to create WebGL context: WebGL creation failed: 
* Can't use WebGL in headless mode (https://bugzil.la/1375585).
JavaScript warning: https://assets.adobedtm.com/72afb75f5516/8fd66566a6e6/launch-b7b23eb4eabb.min.js, line 3: Error: WebGL warning: <SetDimensions>: Can't use WebGL in headless mode (https://bugzil.la/1375585).
JavaScript warning: https://assets.adobedtm.com/72afb75f5516/8fd66566a6e6/launch-b7b23eb4eabb.min.js, line 3: Error: WebGL warning: <SetDimensions>: Failed to create WebGL context: WebGL creation failed: 
* Can't use WebGL in headless mode (https://bugzil.la/1375585).
JavaScript error: https://www.samsung.com/etc.clientlibs/samsung/clientlibs/consumer/global/clientlib-base.min.5283af821a7fff853199f36d4fcda44a.js, line 360: SyntaxError: JSON.parse: expected ',' or '}' after property value in object at line 3 column 32 of the JSON data
JavaScript error: , line 0: AbortError: The fetching process for the media resource was aborted by the user agent at the user's request.
JavaScript error: , line 0: AbortError: The fetching process for the media resource was aborted by the user agent at the user's request.
JavaScript error: , line 0: AbortError: The fetching process for the media resource was aborted by the user agent at the user's request.
IPDL protocol error: Handler returned error code!

###!!! [Parent][DispatchAsyncMessage] Error: PLayerTransaction::Msg_ReleaseLayer Processing error: message was deserialized, but the handler returned false (indicating failure)

IPDL protocol error: Handler returned error code!

###!!! [Parent][DispatchAsyncMessage] Error: PLayerTransaction::Msg_ReleaseLayer Processing error: message was deserialized, but the handler returned false (indicating failure)

IPDL protocol error: Handler returned error code!

###!!! [Parent][DispatchAsyncMessage] Error: PLayerTransaction::Msg_ReleaseLayer Processing error: message was deserialized, but the handler returned false (indicating failure)

IPDL protocol error: Handler returned error code!

###!!! [Parent][DispatchAsyncMessage] Error: PLayerTransaction::Msg_ReleaseLayer Processing error: message was deserialized, but the handler returned false (indicating failure)

IPDL protocol error: Handler returned error code!

###!!! [Parent][DispatchAsyncMessage] Error: PLayerTransaction::Msg_ReleaseLayer Processing error: message was deserialized, but the handler returned false (indicating failure)

